Building DAG of jobs...
Using shell: /usr/bin/bash
Provided cores: 1 (use --cores to define parallelism)
Rules claiming more threads will be scaled down.
Job stats:
job                  count    min threads    max threads
-----------------  -------  -------------  -------------
all                      1              1              1
cluster_detection        1              1              1
table_embedding          1              1              1
umap_embedding           1              1              1
total                    4              1              1

Select jobs to execute...

[Mon Mar 27 16:16:48 2023]
rule table_embedding:
    input: data/dugway_table.tsv
    output: data/embeddings/embeddings.tsv
    jobid: 3
    reason: Missing output files: data/embeddings/embeddings.tsv
    resources: tmpdir=/tmp

[Mon Mar 27 16:16:56 2023]
Finished job 3.
1 of 4 steps (25%) done
Select jobs to execute...

[Mon Mar 27 16:16:56 2023]
rule umap_embedding:
    input: data/embeddings/embeddings.tsv
    output: data/embeddings/umap_embeddings_2d.tsv, data/embeddings/umap_embeddings_5d.tsv
    jobid: 2
    reason: Missing output files: data/embeddings/umap_embeddings_5d.tsv; Input files updated by another job: data/embeddings/embeddings.tsv
    resources: tmpdir=/tmp

[Mon Mar 27 16:17:20 2023]
Error in rule umap_embedding:
    jobid: 2
    input: data/embeddings/embeddings.tsv
    output: data/embeddings/umap_embeddings_2d.tsv, data/embeddings/umap_embeddings_5d.tsv
    shell:
        python umap_embedding.py --input data/embeddings/embeddings.tsv --output-2d data/embeddings/umap_embeddings_2d.tsv --output-5d data/embeddings/umap_embeddings_5d.tsv
        (one of the commands exited with non-zero exit code; note that snakemake uses bash strict mode!)

Removing output files of failed job umap_embedding since they might be corrupted:
data/embeddings/umap_embeddings_2d.tsv
Shutting down, this might take some time.
Exiting because a job execution failed. Look above for error message
Complete log: .snakemake/log/2023-03-27T161647.811409.snakemake.log
