Building DAG of jobs...
Using shell: /usr/bin/bash
Provided cores: 1 (use --cores to define parallelism)
Rules claiming more threads will be scaled down.
Job stats:
job               count    min threads    max threads
--------------  -------  -------------  -------------
all                   1              1              1
umap_embedding        1              1              1
total                 2              1              1

Select jobs to execute...

[Mon Mar 27 00:33:38 2023]
rule umap_embedding:
    input: data/embeddings/embeddings.tsv
    output: data/embeddings/umap_embeddings_2d.tsv, data/embeddings/umap_embeddings_5d.tsv
    jobid: 1
    reason: Missing output files: data/embeddings/umap_embeddings_2d.tsv, data/embeddings/umap_embeddings_5d.tsv
    resources: tmpdir=/tmp

[Mon Mar 27 00:34:09 2023]
Finished job 1.
1 of 2 steps (50%) done
Select jobs to execute...

[Mon Mar 27 00:34:09 2023]
localrule all:
    input: data/embeddings/umap_embeddings_2d.tsv, data/embeddings/umap_embeddings_5d.tsv
    jobid: 0
    reason: Input files updated by another job: data/embeddings/umap_embeddings_2d.tsv, data/embeddings/umap_embeddings_5d.tsv
    resources: tmpdir=/tmp

[Mon Mar 27 00:34:09 2023]
Finished job 0.
2 of 2 steps (100%) done
Complete log: .snakemake/log/2023-03-27T003338.628261.snakemake.log
