Building DAG of jobs...
Using shell: /usr/bin/bash
Provided cores: 1 (use --cores to define parallelism)
Rules claiming more threads will be scaled down.
Job stats:
job               count    min threads    max threads
--------------  -------  -------------  -------------
all                   1              1              1
umap_embedding        1              1              1
total                 2              1              1

Select jobs to execute...

[Sun Mar 26 23:58:50 2023]
rule umap_embedding:
    input: data/embeddings.tsv
    output: data/umap_embeddings.tsv
    jobid: 1
    reason: Missing output files: data/umap_embeddings.tsv
    resources: tmpdir=/tmp

[Sun Mar 26 23:59:17 2023]
Finished job 1.
1 of 2 steps (50%) done
Select jobs to execute...

[Sun Mar 26 23:59:17 2023]
localrule all:
    input: data/umap_embeddings.tsv
    jobid: 0
    reason: Input files updated by another job: data/umap_embeddings.tsv
    resources: tmpdir=/tmp

[Sun Mar 26 23:59:17 2023]
Finished job 0.
2 of 2 steps (100%) done
Complete log: .snakemake/log/2023-03-26T235849.747598.snakemake.log
