Building DAG of jobs...
Using shell: /usr/bin/bash
Provided cores: 1 (use --cores to define parallelism)
Rules claiming more threads will be scaled down.
Job stats:
job               count    min threads    max threads
--------------  -------  -------------  -------------
all                   1              1              1
umap_embedding        1              1              1
total                 2              1              1

Select jobs to execute...

[Sun Mar 26 23:57:17 2023]
rule umap_embedding:
    input: data/embeddings.tsv
    output: data/umap_embeddings.tsv
    jobid: 1
    reason: Missing output files: data/umap_embeddings.tsv
    resources: tmpdir=/tmp

[Sun Mar 26 23:57:17 2023]
Error in rule umap_embedding:
    jobid: 1
    input: data/embeddings.tsv
    output: data/umap_embeddings.tsv
    shell:
        python umap_embedding.py --input data/embeddings.tsv --output data/umap_embeddings.tsv
        (one of the commands exited with non-zero exit code; note that snakemake uses bash strict mode!)

Shutting down, this might take some time.
Exiting because a job execution failed. Look above for error message
Complete log: .snakemake/log/2023-03-26T235717.226878.snakemake.log
