Building DAG of jobs...
Using shell: /usr/bin/bash
Provided cores: 1 (use --cores to define parallelism)
Rules claiming more threads will be scaled down.
Job stats:
job                  count    min threads    max threads
-----------------  -------  -------------  -------------
all                      1              1              1
cluster_detection        1              1              1
total                    2              1              1

Select jobs to execute...

[Mon Mar 27 16:01:12 2023]
rule cluster_detection:
    input: data/embeddings/umap_embeddings_5d.tsv
    output: data/embeddings/umap_embeddings_5d_clusters.tsv
    jobid: 1
    reason: Missing output files: data/embeddings/umap_embeddings_5d_clusters.tsv
    resources: tmpdir=/tmp

[Mon Mar 27 16:01:12 2023]
Error in rule cluster_detection:
    jobid: 1
    input: data/embeddings/umap_embeddings_5d.tsv
    output: data/embeddings/umap_embeddings_5d_clusters.tsv
    shell:
        python cluster_detection.py --input data/embeddings/umap_embeddings_5d.tsv --output data/embeddings/umap_embeddings_5d_clusters.tsv
        (one of the commands exited with non-zero exit code; note that snakemake uses bash strict mode!)

Shutting down, this might take some time.
Exiting because a job execution failed. Look above for error message
Complete log: .snakemake/log/2023-03-27T160111.857509.snakemake.log
