Building DAG of jobs...
Using shell: /usr/bin/bash
Provided cores: 1 (use --cores to define parallelism)
Rules claiming more threads will be scaled down.
Job stats:
job                  count    min threads    max threads
-----------------  -------  -------------  -------------
all                      1              1              1
cluster_detection        1              1              1
umap_embedding           1              1              1
total                    3              1              1

Select jobs to execute...

[Mon Mar 27 16:18:03 2023]
rule umap_embedding:
    input: data/embeddings/embeddings.tsv
    output: data/embeddings/umap_embeddings_2d.tsv, data/embeddings/umap_embeddings_5d.tsv
    jobid: 2
    reason: Missing output files: data/embeddings/umap_embeddings_5d.tsv
    resources: tmpdir=/tmp

[Mon Mar 27 16:18:36 2023]
Finished job 2.
1 of 3 steps (33%) done
Select jobs to execute...

[Mon Mar 27 16:18:36 2023]
rule cluster_detection:
    input: data/embeddings/umap_embeddings_5d.tsv
    output: data/embeddings/umap_embeddings_5d_clusters.tsv
    jobid: 1
    reason: Missing output files: data/embeddings/umap_embeddings_5d_clusters.tsv; Input files updated by another job: data/embeddings/umap_embeddings_5d.tsv
    resources: tmpdir=/tmp

[Mon Mar 27 16:18:37 2023]
Finished job 1.
2 of 3 steps (67%) done
Select jobs to execute...

[Mon Mar 27 16:18:37 2023]
localrule all:
    input: data/embeddings/umap_embeddings_5d_clusters.tsv
    jobid: 0
    reason: Input files updated by another job: data/embeddings/umap_embeddings_5d_clusters.tsv
    resources: tmpdir=/tmp

[Mon Mar 27 16:18:37 2023]
Finished job 0.
3 of 3 steps (100%) done
Complete log: .snakemake/log/2023-03-27T161803.471877.snakemake.log
