Building DAG of jobs...
Using shell: /usr/bin/bash
Provided cores: 1 (use --cores to define parallelism)
Rules claiming more threads will be scaled down.
Job stats:
job                  count    min threads    max threads
-----------------  -------  -------------  -------------
all                      1              1              1
cluster_detection        1              1              1
total                    2              1              1

Select jobs to execute...

[Mon Mar 27 16:05:53 2023]
rule cluster_detection:
    input: data/embeddings/umap_embeddings_5d.tsv
    output: data/embeddings/umap_embeddings_5d_clusters.tsv
    jobid: 1
    reason: Missing output files: data/embeddings/umap_embeddings_5d_clusters.tsv
    resources: tmpdir=/tmp

[Mon Mar 27 16:05:54 2023]
Finished job 1.
1 of 2 steps (50%) done
Select jobs to execute...

[Mon Mar 27 16:05:54 2023]
localrule all:
    input: data/embeddings/umap_embeddings_5d_clusters.tsv
    jobid: 0
    reason: Input files updated by another job: data/embeddings/umap_embeddings_5d_clusters.tsv
    resources: tmpdir=/tmp

[Mon Mar 27 16:05:54 2023]
Finished job 0.
2 of 2 steps (100%) done
Complete log: .snakemake/log/2023-03-27T160553.461262.snakemake.log
